{"name": "Проверка увеличения значения счетчика выполненных за все время заказов после оформления заказа", "status": "broken", "statusDetails": {"message": "selenium.common.exceptions.NoSuchWindowException: Message: no such window: target window already closed\nfrom unknown error: web view not found\n  (Session info: chrome=131.0.6778.86)\nStacktrace:\n0   chromedriver                        0x0000000105f94e82 chromedriver + 6696578\n1   chromedriver                        0x0000000105f8cc9a chromedriver + 6663322\n2   chromedriver                        0x0000000105994e3e chromedriver + 405054\n3   chromedriver                        0x000000010596a1fa chromedriver + 229882\n4   chromedriver                        0x0000000105a12f9d chromedriver + 921501\n5   chromedriver                        0x0000000105a2cde4 chromedriver + 1027556\n6   chromedriver                        0x0000000105a0a613 chromedriver + 886291\n7   chromedriver                        0x00000001059d7950 chromedriver + 678224\n8   chromedriver                        0x00000001059d834e chromedriver + 680782\n9   chromedriver                        0x0000000105f62770 chromedriver + 6489968\n10  chromedriver                        0x0000000105f65219 chromedriver + 6500889\n11  chromedriver                        0x0000000105f64d3b chromedriver + 6499643\n12  chromedriver                        0x0000000105f656a5 chromedriver + 6502053\n13  chromedriver                        0x0000000105f4d524 chromedriver + 6403364\n14  chromedriver                        0x0000000105f6598f chromedriver + 6502799\n15  chromedriver                        0x0000000105f3e954 chromedriver + 6342996\n16  chromedriver                        0x0000000105f7d378 chromedriver + 6599544\n17  chromedriver                        0x0000000105f7d535 chromedriver + 6599989\n18  chromedriver                        0x0000000105f8c868 chromedriver + 6662248\n19  libsystem_pthread.dylib             0x00007ff815672202 _pthread_start + 99\n20  libsystem_pthread.dylib             0x00007ff81566dbab thread_start + 15", "trace": "driver = <selenium.webdriver.chrome.webdriver.WebDriver (session=\"759a00be830dc6a2b57ce55b863d4c21\")>, email_password = {'email': 'caroline52@example.com', 'password': '_C7aKkier0'}\n\n    @pytest.fixture\n    def log_in(driver, email_password):\n        main_page = MainPage(driver)\n>       main_page.click_login_into_account_button()\n\nconftest.py:25: \n_ _ _ _ _ _ _ _ _ _ _ _ _ _ _ _ _ _ _ _ _ _ _ _ _ _ _ _ _ _ _ _ _ _ _ _ _ _ _ _ _ _ _ _ _ _ _ _ _ _ _ _ _ _ _ _ _ _ _ _ _ _ _ _ _ _ _ _ _ _ _ _ _ _ _ _ _ _ _ _ _ _ _ _ _ _ _ _ _ _ _\npages/main_page.py:9: in click_login_into_account_button\n    self.move_to_element_and_click(MainPageLocators.LOGIN_INTO_ACCOUNT_BUTTON)\npages/base_page.py:14: in move_to_element_and_click\n    WebDriverWait(self.driver, 30).until(expected_conditions.element_to_be_clickable(locator))\n/Library/Frameworks/Python.framework/Versions/3.11/lib/python3.11/site-packages/selenium/webdriver/support/wait.py:96: in until\n    value = method(self._driver)\n/Library/Frameworks/Python.framework/Versions/3.11/lib/python3.11/site-packages/selenium/webdriver/support/expected_conditions.py:363: in _predicate\n    target = driver.find_element(*target)  # grab element at locator\n/Library/Frameworks/Python.framework/Versions/3.11/lib/python3.11/site-packages/selenium/webdriver/remote/webdriver.py:748: in find_element\n    return self.execute(Command.FIND_ELEMENT, {\"using\": by, \"value\": value})[\"value\"]\n/Library/Frameworks/Python.framework/Versions/3.11/lib/python3.11/site-packages/selenium/webdriver/remote/webdriver.py:354: in execute\n    self.error_handler.check_response(response)\n_ _ _ _ _ _ _ _ _ _ _ _ _ _ _ _ _ _ _ _ _ _ _ _ _ _ _ _ _ _ _ _ _ _ _ _ _ _ _ _ _ _ _ _ _ _ _ _ _ _ _ _ _ _ _ _ _ _ _ _ _ _ _ _ _ _ _ _ _ _ _ _ _ _ _ _ _ _ _ _ _ _ _ _ _ _ _ _ _ _ _\n\nself = <selenium.webdriver.remote.errorhandler.ErrorHandler object at 0x10a023ed0>\nresponse = {'status': 404, 'value': '{\"value\":{\"error\":\"no such window\",\"message\":\"no such window: target window already closed\\\\...7ff815672202 _pthread_start + 99\\\\n20  libsystem_pthread.dylib             0x00007ff81566dbab thread_start + 15\\\\n\"}}'}\n\n    def check_response(self, response: Dict[str, Any]) -> None:\n        \"\"\"Checks that a JSON response from the WebDriver does not have an\n        error.\n    \n        :Args:\n         - response - The JSON response from the WebDriver server as a dictionary\n           object.\n    \n        :Raises: If the response contains an error message.\n        \"\"\"\n        status = response.get(\"status\", None)\n        if not status or status == ErrorCode.SUCCESS:\n            return\n        value = None\n        message = response.get(\"message\", \"\")\n        screen: str = response.get(\"screen\", \"\")\n        stacktrace = None\n        if isinstance(status, int):\n            value_json = response.get(\"value\", None)\n            if value_json and isinstance(value_json, str):\n                import json\n    \n                try:\n                    value = json.loads(value_json)\n                    if len(value) == 1:\n                        value = value[\"value\"]\n                    status = value.get(\"error\", None)\n                    if not status:\n                        status = value.get(\"status\", ErrorCode.UNKNOWN_ERROR)\n                        message = value.get(\"value\") or value.get(\"message\")\n                        if not isinstance(message, str):\n                            value = message\n                            message = message.get(\"message\")\n                    else:\n                        message = value.get(\"message\", None)\n                except ValueError:\n                    pass\n    \n        exception_class: Type[WebDriverException]\n        e = ErrorCode()\n        error_codes = [item for item in dir(e) if not item.startswith(\"__\")]\n        for error_code in error_codes:\n            error_info = getattr(ErrorCode, error_code)\n            if isinstance(error_info, list) and status in error_info:\n                exception_class = getattr(ExceptionMapping, error_code, WebDriverException)\n                break\n        else:\n            exception_class = WebDriverException\n    \n        if not value:\n            value = response[\"value\"]\n        if isinstance(value, str):\n            raise exception_class(value)\n        if message == \"\" and \"message\" in value:\n            message = value[\"message\"]\n    \n        screen = None  # type: ignore[assignment]\n        if \"screen\" in value:\n            screen = value[\"screen\"]\n    \n        stacktrace = None\n        st_value = value.get(\"stackTrace\") or value.get(\"stacktrace\")\n        if st_value:\n            if isinstance(st_value, str):\n                stacktrace = st_value.split(\"\\n\")\n            else:\n                stacktrace = []\n                try:\n                    for frame in st_value:\n                        line = frame.get(\"lineNumber\", \"\")\n                        file = frame.get(\"fileName\", \"<anonymous>\")\n                        if line:\n                            file = f\"{file}:{line}\"\n                        meth = frame.get(\"methodName\", \"<anonymous>\")\n                        if \"className\" in frame:\n                            meth = f\"{frame['className']}.{meth}\"\n                        msg = \"    at %s (%s)\"\n                        msg = msg % (meth, file)\n                        stacktrace.append(msg)\n                except TypeError:\n                    pass\n        if exception_class == UnexpectedAlertPresentException:\n            alert_text = None\n            if \"data\" in value:\n                alert_text = value[\"data\"].get(\"text\")\n            elif \"alert\" in value:\n                alert_text = value[\"alert\"].get(\"text\")\n            raise exception_class(message, screen, stacktrace, alert_text)  # type: ignore[call-arg]  # mypy is not smart enough here\n>       raise exception_class(message, screen, stacktrace)\nE       selenium.common.exceptions.NoSuchWindowException: Message: no such window: target window already closed\nE       from unknown error: web view not found\nE         (Session info: chrome=131.0.6778.86)\nE       Stacktrace:\nE       0   chromedriver                        0x0000000105f94e82 chromedriver + 6696578\nE       1   chromedriver                        0x0000000105f8cc9a chromedriver + 6663322\nE       2   chromedriver                        0x0000000105994e3e chromedriver + 405054\nE       3   chromedriver                        0x000000010596a1fa chromedriver + 229882\nE       4   chromedriver                        0x0000000105a12f9d chromedriver + 921501\nE       5   chromedriver                        0x0000000105a2cde4 chromedriver + 1027556\nE       6   chromedriver                        0x0000000105a0a613 chromedriver + 886291\nE       7   chromedriver                        0x00000001059d7950 chromedriver + 678224\nE       8   chromedriver                        0x00000001059d834e chromedriver + 680782\nE       9   chromedriver                        0x0000000105f62770 chromedriver + 6489968\nE       10  chromedriver                        0x0000000105f65219 chromedriver + 6500889\nE       11  chromedriver                        0x0000000105f64d3b chromedriver + 6499643\nE       12  chromedriver                        0x0000000105f656a5 chromedriver + 6502053\nE       13  chromedriver                        0x0000000105f4d524 chromedriver + 6403364\nE       14  chromedriver                        0x0000000105f6598f chromedriver + 6502799\nE       15  chromedriver                        0x0000000105f3e954 chromedriver + 6342996\nE       16  chromedriver                        0x0000000105f7d378 chromedriver + 6599544\nE       17  chromedriver                        0x0000000105f7d535 chromedriver + 6599989\nE       18  chromedriver                        0x0000000105f8c868 chromedriver + 6662248\nE       19  libsystem_pthread.dylib             0x00007ff815672202 _pthread_start + 99\nE       20  libsystem_pthread.dylib             0x00007ff81566dbab thread_start + 15\n\n/Library/Frameworks/Python.framework/Versions/3.11/lib/python3.11/site-packages/selenium/webdriver/remote/errorhandler.py:229: NoSuchWindowException"}, "parameters": [{"name": "driver", "value": "'chrome'"}], "start": 1732720786870, "stop": 1732720786870, "uuid": "7fcd8d09-8eb5-4f49-8b61-767a3966d63b", "historyId": "13c80c63e30f6f4ba1c3c87a3c1d4dfe", "testCaseId": "42611aae36df1d7e8b453321342fb878", "fullName": "tests.test_order_list.TestOrderList#test_all_orders_counter_raise_after_making_order", "labels": [{"name": "parentSuite", "value": "tests"}, {"name": "suite", "value": "test_order_list"}, {"name": "subSuite", "value": "TestOrderList"}, {"name": "host", "value": "mbp-dchernukha-OZON-C02F51KFML85"}, {"name": "thread", "value": "57255-MainThread"}, {"name": "framework", "value": "pytest"}, {"name": "language", "value": "cpython3"}, {"name": "package", "value": "tests.test_order_list"}]}